Product projects
---------------------------------------
C:\Mentoria\SMO.BackEnd\SMO.Backend\SMO.Frontier\SMO.Frontier.csproj
C:\Mentoria\SMO.BackEnd\SMO.Backend\SMO.Backend\SMO.Backend.csproj
C:\Mentoria\SMO.BackEnd\SMO.Backend\SMO.Utils\SMO.Utils.csproj
C:\Mentoria\SMO.BackEnd\SMO.Backend\SMO.Repository\SMO.Repository.csproj
C:\Mentoria\SMO.BackEnd\SMO.Backend\SMO.Business\SMO.Business.csproj
C:\Mentoria\SMO.BackEnd\SMO.Backend\SMO.Map\SMO.Map.csproj


Test projects
---------------------------------------
C:\Mentoria\SMO.BackEnd\SMO.Backend\SMO.Tests\SMO.Tests.csproj


Invalid projects
---------------------------------------
{none}


Skipped projects
---------------------------------------
{none}


Excluded projects
---------------------------------------
{none}


